c:\users\clm\documents\github\myengine\myengine\release\vc141.pdb
c:\users\clm\documents\github\myengine\myengine\release\main.obj
c:\users\clm\documents\github\myengine\myengine\release\cwindow.obj
c:\users\clm\documents\github\myengine\myengine\release\cvertexbuffer.obj
c:\users\clm\documents\github\myengine\myengine\release\ctimer.obj
c:\users\clm\documents\github\myengine\myengine\release\cshaders.obj
c:\users\clm\documents\github\myengine\myengine\release\cquad.obj
c:\users\clm\documents\github\myengine\myengine\release\cindexbuffer.obj
c:\users\clm\documents\github\myengine\myengine\release\cfilereader.obj
c:\users\clm\documents\github\myengine\myengine\release\cd3drender.obj
c:\users\clm\documents\github\myengine\myengine\release\cconstbuffer.obj
c:\users\clm\documents\github\myengine\myengine\release\ccamera.obj
c:\users\clm\documents\github\myengine\release\myengine.exe
c:\users\clm\documents\github\myengine\release\myengine.pdb
c:\users\clm\documents\github\myengine\release\myengine.ipdb
c:\users\clm\documents\github\myengine\release\myengine.iobj
c:\users\clm\documents\github\myengine\myengine\release\mainmenu.res
c:\users\clm\documents\github\myengine\myengine\release\myengine.tlog\cl.command.1.tlog
c:\users\clm\documents\github\myengine\myengine\release\myengine.tlog\cl.read.1.tlog
c:\users\clm\documents\github\myengine\myengine\release\myengine.tlog\cl.write.1.tlog
c:\users\clm\documents\github\myengine\myengine\release\myengine.tlog\link.command.1.tlog
c:\users\clm\documents\github\myengine\myengine\release\myengine.tlog\link.read.1.tlog
c:\users\clm\documents\github\myengine\myengine\release\myengine.tlog\link.write.1.tlog
c:\users\clm\documents\github\myengine\myengine\release\myengine.tlog\myengine.write.1u.tlog
c:\users\clm\documents\github\myengine\myengine\release\myengine.tlog\rc.command.1.tlog
c:\users\clm\documents\github\myengine\myengine\release\myengine.tlog\rc.read.1.tlog
c:\users\clm\documents\github\myengine\myengine\release\myengine.tlog\rc.write.1.tlog
