c:\users\clm\documents\github\myengine\myengine\debug\vc141.pdb
c:\users\clm\documents\github\myengine\myengine\debug\vc141.idb
c:\users\clm\documents\github\myengine\myengine\debug\main.obj
c:\users\clm\documents\github\myengine\myengine\debug\cd3drender.obj
c:\users\clm\documents\github\myengine\myengine\debug\cwindow.obj
c:\users\clm\documents\github\myengine\myengine\debug\cindexbuffer.obj
c:\users\clm\documents\github\myengine\debug\myengine.exe
c:\users\clm\documents\github\myengine\debug\myengine.ilk
c:\users\clm\documents\github\myengine\debug\myengine.pdb
c:\users\clm\documents\github\myengine\myengine\debug\myengine.tlog\cl.command.1.tlog
c:\users\clm\documents\github\myengine\myengine\debug\myengine.tlog\cl.read.1.tlog
c:\users\clm\documents\github\myengine\myengine\debug\myengine.tlog\cl.write.1.tlog
c:\users\clm\documents\github\myengine\myengine\debug\myengine.tlog\link.10704-cvtres.read.1.tlog
c:\users\clm\documents\github\myengine\myengine\debug\myengine.tlog\link.10704-cvtres.write.1.tlog
c:\users\clm\documents\github\myengine\myengine\debug\myengine.tlog\link.10704-rc.read.1.tlog
c:\users\clm\documents\github\myengine\myengine\debug\myengine.tlog\link.10704-rc.write.1.tlog
c:\users\clm\documents\github\myengine\myengine\debug\myengine.tlog\link.10704.read.1.tlog
c:\users\clm\documents\github\myengine\myengine\debug\myengine.tlog\link.10704.write.1.tlog
c:\users\clm\documents\github\myengine\myengine\debug\myengine.tlog\link.command.1.tlog
c:\users\clm\documents\github\myengine\myengine\debug\myengine.tlog\link.read.1.tlog
c:\users\clm\documents\github\myengine\myengine\debug\myengine.tlog\link.write.1.tlog
